[debug] [2024-12-03T03:08:23.364Z] ----------------------------------------------------------------------
[debug] [2024-12-03T03:08:23.368Z] Command:       C:\Program Files\nodejs\node.exe C:\Users\User\AppData\Roaming\npm\node_modules\firebase-tools\lib\bin\firebase.js init
[debug] [2024-12-03T03:08:23.369Z] CLI Version:   13.27.0
[debug] [2024-12-03T03:08:23.369Z] Platform:      win32
[debug] [2024-12-03T03:08:23.369Z] Node Version:  v20.11.1
[debug] [2024-12-03T03:08:23.370Z] Time:          Tue Dec 03 2024 12:08:23 GMT+0900 (대한민국 표준시)
[debug] [2024-12-03T03:08:23.370Z] ----------------------------------------------------------------------
[debug] 
[debug] [2024-12-03T03:08:23.377Z] > command requires scopes: ["email","openid","https://www.googleapis.com/auth/cloudplatformprojects.readonly","https://www.googleapis.com/auth/firebase","https://www.googleapis.com/auth/cloud-platform"]
[debug] [2024-12-03T03:08:23.378Z] > authorizing via signed-in user (tarzenezrat@gmail.com)
[info] 
     ######## #### ########  ######## ########     ###     ######  ########
     ##        ##  ##     ## ##       ##     ##  ##   ##  ##       ##
     ######    ##  ########  ######   ########  #########  ######  ######
     ##        ##  ##    ##  ##       ##     ## ##     ##       ## ##
     ##       #### ##     ## ######## ########  ##     ##  ######  ########

You're about to initialize a Firebase project in this directory:

  C:\Users\User\Desktop\github\semiauthorism\semiauthorism

[info] 
=== Project Setup
[info] 
[info] First, let's associate this project directory with a Firebase project.
[info] You can create multiple project aliases by running firebase use --add, 
[info] but for now we'll just set up a default project.
[info] 
[debug] [2024-12-03T03:08:49.488Z] Checked if tokens are valid: false, expires at: 1709842642161
[debug] [2024-12-03T03:08:49.488Z] Checked if tokens are valid: false, expires at: 1709842642161
[debug] [2024-12-03T03:08:49.489Z] > refreshing access token with scopes: []
[debug] [2024-12-03T03:08:49.491Z] >>> [apiv2][query] POST https://www.googleapis.com/oauth2/v3/token [none]
[debug] [2024-12-03T03:08:49.491Z] >>> [apiv2][body] POST https://www.googleapis.com/oauth2/v3/token [omitted]
[debug] [2024-12-03T03:08:49.801Z] <<< [apiv2][status] POST https://www.googleapis.com/oauth2/v3/token 400
[debug] [2024-12-03T03:08:49.801Z] <<< [apiv2][body] POST https://www.googleapis.com/oauth2/v3/token [omitted]
[debug] [2024-12-03T03:08:49.802Z] >>> [apiv2][query] GET https://firebase.googleapis.com/v1beta1/projects pageSize=100
[debug] [2024-12-03T03:08:50.068Z] <<< [apiv2][status] GET https://firebase.googleapis.com/v1beta1/projects 401
[debug] [2024-12-03T03:08:50.069Z] <<< [apiv2][body] GET https://firebase.googleapis.com/v1beta1/projects [omitted]
[debug] [2024-12-03T03:08:50.069Z] Got a 401 Unauthenticated error for a call that required authentication. Refreshing tokens.
[debug] [2024-12-03T03:08:50.069Z] Checked if tokens are valid: false, expires at: 1709842642161
[debug] [2024-12-03T03:08:50.069Z] Checked if tokens are valid: false, expires at: 1709842642161
[debug] [2024-12-03T03:08:50.069Z] > refreshing access token with scopes: []
[debug] [2024-12-03T03:08:50.070Z] >>> [apiv2][query] POST https://www.googleapis.com/oauth2/v3/token [none]
[debug] [2024-12-03T03:08:50.070Z] >>> [apiv2][body] POST https://www.googleapis.com/oauth2/v3/token [omitted]
[debug] [2024-12-03T03:08:50.171Z] <<< [apiv2][status] POST https://www.googleapis.com/oauth2/v3/token 400
[debug] [2024-12-03T03:08:50.171Z] <<< [apiv2][body] POST https://www.googleapis.com/oauth2/v3/token [omitted]
[debug] [2024-12-03T03:08:50.172Z] Request to https://firebase.googleapis.com/v1beta1/projects?pageSize=100 had HTTP Error: 401, Request had invalid authentication credentials. Expected OAuth 2 access token, login cookie or other valid authentication credential. See https://developers.google.com/identity/sign-in/web/devconsole-project.
[debug] [2024-12-03T03:08:50.395Z] FirebaseError: Request to https://firebase.googleapis.com/v1beta1/projects?pageSize=100 had HTTP Error: 401, Request had invalid authentication credentials. Expected OAuth 2 access token, login cookie or other valid authentication credential. See https://developers.google.com/identity/sign-in/web/devconsole-project.
    at responseToError (C:\Users\User\AppData\Roaming\npm\node_modules\firebase-tools\lib\responseToError.js:52:12)
    at RetryOperation._fn (C:\Users\User\AppData\Roaming\npm\node_modules\firebase-tools\lib\apiv2.js:312:77)
    at process.processTicksAndRejections (node:internal/process/task_queues:95:5)
[error] 
[error] Error: Failed to list Firebase projects. See firebase-debug.log for more info.
